[0.443s] DEBUG:colcon:Command line arguments: ['/usr/bin/colcon', 'build', '--packages-select', 'lecture']
[0.443s] DEBUG:colcon:Parsed command line arguments: Namespace(log_base=None, log_level=None, verb_name='build', build_base='build', install_base='install', merge_install=False, symlink_install=False, test_result_base=None, continue_on_error=False, executor='parallel', parallel_workers=8, event_handlers=None, ignore_user_meta=False, metas=['./colcon.meta'], base_paths=['.'], packages_ignore=None, packages_ignore_regex=None, paths=None, packages_up_to=None, packages_up_to_regex=None, packages_above=None, packages_above_and_dependencies=None, packages_above_depth=None, packages_select_by_dep=None, packages_skip_by_dep=None, packages_skip_up_to=None, packages_select_build_failed=False, packages_skip_build_finished=False, packages_select_test_failures=False, packages_skip_test_passed=False, packages_select=['lecture'], packages_skip=None, packages_select_regex=None, packages_skip_regex=None, packages_start=None, packages_end=None, allow_overriding=[], cmake_args=None, cmake_target=None, cmake_target_skip_unavailable=False, cmake_clean_cache=False, cmake_clean_first=False, cmake_force_configure=False, ament_cmake_args=None, catkin_cmake_args=None, catkin_skip_building_tests=False, verb_parser=<colcon_defaults.argument_parser.defaults.DefaultArgumentsDecorator object at 0x7f9110505210>, verb_extension=<colcon_core.verb.build.BuildVerb object at 0x7f9110c747f0>, main=<bound method BuildVerb.main of <colcon_core.verb.build.BuildVerb object at 0x7f9110c747f0>>)
[0.472s] Level 1:colcon.colcon_core.package_discovery:discover_packages(colcon_meta) check parameters
[0.472s] Level 1:colcon.colcon_core.package_discovery:discover_packages(recursive) check parameters
[0.472s] Level 1:colcon.colcon_core.package_discovery:discover_packages(ignore) check parameters
[0.472s] Level 1:colcon.colcon_core.package_discovery:discover_packages(path) check parameters
[0.473s] Level 1:colcon.colcon_core.package_discovery:discover_packages(colcon_meta) discover
[0.473s] Level 1:colcon.colcon_core.package_discovery:discover_packages(recursive) discover
[0.473s] INFO:colcon.colcon_core.package_discovery:Crawling recursively for packages in '/home/cmtabr/Github/M6T2-Atividades-Caio/semana-3/lecture_ws/src'
[0.473s] Level 1:colcon.colcon_core.package_identification:_identify(.) by extensions ['ignore', 'ignore_ament_install']
[0.473s] Level 1:colcon.colcon_core.package_identification:_identify(.) by extension 'ignore'
[0.473s] Level 1:colcon.colcon_core.package_identification:_identify(.) by extension 'ignore_ament_install'
[0.473s] Level 1:colcon.colcon_core.package_identification:_identify(.) by extensions ['colcon_pkg']
[0.473s] Level 1:colcon.colcon_core.package_identification:_identify(.) by extension 'colcon_pkg'
[0.473s] Level 1:colcon.colcon_core.package_identification:_identify(.) by extensions ['colcon_meta']
[0.473s] Level 1:colcon.colcon_core.package_identification:_identify(.) by extension 'colcon_meta'
[0.473s] Level 1:colcon.colcon_core.package_identification:_identify(.) by extensions ['ros']
[0.473s] Level 1:colcon.colcon_core.package_identification:_identify(.) by extension 'ros'
[0.484s] Level 1:colcon.colcon_core.package_identification:_identify(.) by extensions ['cmake', 'python']
[0.484s] Level 1:colcon.colcon_core.package_identification:_identify(.) by extension 'cmake'
[0.484s] Level 1:colcon.colcon_core.package_identification:_identify(.) by extension 'python'
[0.484s] Level 1:colcon.colcon_core.package_identification:_identify(.) by extensions ['python_setup_py']
[0.484s] Level 1:colcon.colcon_core.package_identification:_identify(.) by extension 'python_setup_py'
[0.485s] Level 1:colcon.colcon_core.package_identification:_identify(build) by extensions ['ignore', 'ignore_ament_install']
[0.485s] Level 1:colcon.colcon_core.package_identification:_identify(build) by extension 'ignore'
[0.485s] Level 1:colcon.colcon_core.package_identification:_identify(build) ignored
[0.485s] Level 1:colcon.colcon_core.package_identification:_identify(install) by extensions ['ignore', 'ignore_ament_install']
[0.485s] Level 1:colcon.colcon_core.package_identification:_identify(install) by extension 'ignore'
[0.485s] Level 1:colcon.colcon_core.package_identification:_identify(install) ignored
[0.485s] Level 1:colcon.colcon_core.package_identification:_identify(lecture) by extensions ['ignore', 'ignore_ament_install']
[0.485s] Level 1:colcon.colcon_core.package_identification:_identify(lecture) by extension 'ignore'
[0.485s] Level 1:colcon.colcon_core.package_identification:_identify(lecture) by extension 'ignore_ament_install'
[0.485s] Level 1:colcon.colcon_core.package_identification:_identify(lecture) by extensions ['colcon_pkg']
[0.485s] Level 1:colcon.colcon_core.package_identification:_identify(lecture) by extension 'colcon_pkg'
[0.485s] Level 1:colcon.colcon_core.package_identification:_identify(lecture) by extensions ['colcon_meta']
[0.485s] Level 1:colcon.colcon_core.package_identification:_identify(lecture) by extension 'colcon_meta'
[0.485s] Level 1:colcon.colcon_core.package_identification:_identify(lecture) by extensions ['ros']
[0.485s] Level 1:colcon.colcon_core.package_identification:_identify(lecture) by extension 'ros'
[0.487s] DEBUG:colcon.colcon_core.package_identification:Package 'lecture' with type 'ros.ament_python' and name 'lecture'
[0.487s] Level 1:colcon.colcon_core.package_identification:_identify(log) by extensions ['ignore', 'ignore_ament_install']
[0.487s] Level 1:colcon.colcon_core.package_identification:_identify(log) by extension 'ignore'
[0.488s] Level 1:colcon.colcon_core.package_identification:_identify(log) ignored
[0.488s] Level 1:colcon.colcon_core.package_discovery:discover_packages(recursive) using defaults
[0.488s] Level 1:colcon.colcon_core.package_discovery:discover_packages(ignore) discover
[0.488s] Level 1:colcon.colcon_core.package_discovery:discover_packages(ignore) using defaults
[0.488s] Level 1:colcon.colcon_core.package_discovery:discover_packages(path) discover
[0.488s] Level 1:colcon.colcon_core.package_discovery:discover_packages(path) using defaults
[0.508s] Level 1:colcon.colcon_core.package_discovery:discover_packages(prefix_path) check parameters
[0.508s] Level 1:colcon.colcon_core.package_discovery:discover_packages(prefix_path) discover
[0.509s] WARNING:colcon.colcon_core.prefix_path.colcon:The path '/home/cmtabr/Github/M6T2-Atividades-Caio/semana-3/ros2_ws/install' in the environment variable COLCON_PREFIX_PATH doesn't exist
[0.510s] DEBUG:colcon.colcon_installed_package_information.package_discovery:Found 0 installed packages in /home/cmtabr/Github/M6T2-Atividades-Caio/semana-3/lecture_ws/install
[0.512s] DEBUG:colcon.colcon_installed_package_information.package_discovery:Found 392 installed packages in /opt/ros/humble
[0.513s] Level 1:colcon.colcon_core.package_discovery:discover_packages(prefix_path) using defaults
[0.581s] Level 5:colcon.colcon_core.verb:set package 'lecture' build argument 'cmake_args' from command line to 'None'
[0.581s] Level 5:colcon.colcon_core.verb:set package 'lecture' build argument 'cmake_target' from command line to 'None'
[0.581s] Level 5:colcon.colcon_core.verb:set package 'lecture' build argument 'cmake_target_skip_unavailable' from command line to 'False'
[0.581s] Level 5:colcon.colcon_core.verb:set package 'lecture' build argument 'cmake_clean_cache' from command line to 'False'
[0.581s] Level 5:colcon.colcon_core.verb:set package 'lecture' build argument 'cmake_clean_first' from command line to 'False'
[0.581s] Level 5:colcon.colcon_core.verb:set package 'lecture' build argument 'cmake_force_configure' from command line to 'False'
[0.581s] Level 5:colcon.colcon_core.verb:set package 'lecture' build argument 'ament_cmake_args' from command line to 'None'
[0.581s] Level 5:colcon.colcon_core.verb:set package 'lecture' build argument 'catkin_cmake_args' from command line to 'None'
[0.581s] Level 5:colcon.colcon_core.verb:set package 'lecture' build argument 'catkin_skip_building_tests' from command line to 'False'
[0.581s] DEBUG:colcon.colcon_core.verb:Building package 'lecture' with the following arguments: {'ament_cmake_args': None, 'build_base': '/home/cmtabr/Github/M6T2-Atividades-Caio/semana-3/lecture_ws/src/build/lecture', 'catkin_cmake_args': None, 'catkin_skip_building_tests': False, 'cmake_args': None, 'cmake_clean_cache': False, 'cmake_clean_first': False, 'cmake_force_configure': False, 'cmake_target': None, 'cmake_target_skip_unavailable': False, 'install_base': '/home/cmtabr/Github/M6T2-Atividades-Caio/semana-3/lecture_ws/src/install/lecture', 'merge_install': False, 'path': '/home/cmtabr/Github/M6T2-Atividades-Caio/semana-3/lecture_ws/src/lecture', 'symlink_install': False, 'test_result_base': None}
[0.582s] INFO:colcon.colcon_core.executor:Executing jobs using 'parallel' executor
[0.585s] DEBUG:colcon.colcon_parallel_executor.executor.parallel:run_until_complete
[0.585s] INFO:colcon.colcon_ros.task.ament_python.build:Building ROS package in '/home/cmtabr/Github/M6T2-Atividades-Caio/semana-3/lecture_ws/src/lecture' with build type 'ament_python'
[0.585s] Level 1:colcon.colcon_core.shell:create_environment_hook('lecture', 'ament_prefix_path')
[0.589s] INFO:colcon.colcon_core.plugin_system:Skipping extension 'colcon_core.shell.bat': Not used on non-Windows systems
[0.590s] INFO:colcon.colcon_core.shell:Creating environment hook '/home/cmtabr/Github/M6T2-Atividades-Caio/semana-3/lecture_ws/src/install/lecture/share/lecture/hook/ament_prefix_path.ps1'
[0.594s] INFO:colcon.colcon_core.shell:Creating environment descriptor '/home/cmtabr/Github/M6T2-Atividades-Caio/semana-3/lecture_ws/src/install/lecture/share/lecture/hook/ament_prefix_path.dsv'
[0.595s] INFO:colcon.colcon_core.shell:Creating environment hook '/home/cmtabr/Github/M6T2-Atividades-Caio/semana-3/lecture_ws/src/install/lecture/share/lecture/hook/ament_prefix_path.sh'
[0.600s] INFO:colcon.colcon_core.shell:Skip shell extension 'powershell' for command environment: Not usable outside of PowerShell
[0.600s] DEBUG:colcon.colcon_core.shell:Skip shell extension 'dsv' for command environment
[0.879s] INFO:colcon.colcon_core.task.python.build:Building Python package in '/home/cmtabr/Github/M6T2-Atividades-Caio/semana-3/lecture_ws/src/lecture'
[0.880s] INFO:colcon.colcon_core.shell:Skip shell extension 'powershell' for command environment: Not usable outside of PowerShell
[0.880s] DEBUG:colcon.colcon_core.shell:Skip shell extension 'dsv' for command environment
[1.819s] DEBUG:colcon.colcon_core.event_handler.log_command:Invoking command in '/home/cmtabr/Github/M6T2-Atividades-Caio/semana-3/lecture_ws/src/lecture': PYTHONPATH=/home/cmtabr/Github/M6T2-Atividades-Caio/semana-3/lecture_ws/src/build/lecture/prefix_override:/home/cmtabr/Github/M6T2-Atividades-Caio/semana-3/lecture_ws/src/install/lecture/lib/python3.10/site-packages:${PYTHONPATH} /usr/bin/python3 setup.py egg_info --egg-base ../build/lecture build --build-base /home/cmtabr/Github/M6T2-Atividades-Caio/semana-3/lecture_ws/src/build/lecture/build install --record /home/cmtabr/Github/M6T2-Atividades-Caio/semana-3/lecture_ws/src/build/lecture/install.log --single-version-externally-managed
[2.075s] DEBUG:colcon.colcon_core.event_handler.log_command:Invoked command in '/home/cmtabr/Github/M6T2-Atividades-Caio/semana-3/lecture_ws/src/lecture' returned '0': PYTHONPATH=/home/cmtabr/Github/M6T2-Atividades-Caio/semana-3/lecture_ws/src/build/lecture/prefix_override:/home/cmtabr/Github/M6T2-Atividades-Caio/semana-3/lecture_ws/src/install/lecture/lib/python3.10/site-packages:${PYTHONPATH} /usr/bin/python3 setup.py egg_info --egg-base ../build/lecture build --build-base /home/cmtabr/Github/M6T2-Atividades-Caio/semana-3/lecture_ws/src/build/lecture/build install --record /home/cmtabr/Github/M6T2-Atividades-Caio/semana-3/lecture_ws/src/build/lecture/install.log --single-version-externally-managed
[2.090s] Level 1:colcon.colcon_core.environment:checking '/home/cmtabr/Github/M6T2-Atividades-Caio/semana-3/lecture_ws/src/install/lecture' for CMake module files
[2.090s] Level 1:colcon.colcon_core.environment:checking '/home/cmtabr/Github/M6T2-Atividades-Caio/semana-3/lecture_ws/src/install/lecture' for CMake config files
[2.092s] Level 1:colcon.colcon_core.environment:checking '/home/cmtabr/Github/M6T2-Atividades-Caio/semana-3/lecture_ws/src/install/lecture/lib'
[2.092s] Level 1:colcon.colcon_core.environment:checking '/home/cmtabr/Github/M6T2-Atividades-Caio/semana-3/lecture_ws/src/install/lecture/bin'
[2.092s] Level 1:colcon.colcon_core.environment:checking '/home/cmtabr/Github/M6T2-Atividades-Caio/semana-3/lecture_ws/src/install/lecture/lib/pkgconfig/lecture.pc'
[2.093s] Level 1:colcon.colcon_core.environment:checking '/home/cmtabr/Github/M6T2-Atividades-Caio/semana-3/lecture_ws/src/install/lecture/lib/python3.10/site-packages'
[2.093s] Level 1:colcon.colcon_core.shell:create_environment_hook('lecture', 'pythonpath')
[2.095s] INFO:colcon.colcon_core.shell:Creating environment hook '/home/cmtabr/Github/M6T2-Atividades-Caio/semana-3/lecture_ws/src/install/lecture/share/lecture/hook/pythonpath.ps1'
[2.097s] INFO:colcon.colcon_core.shell:Creating environment descriptor '/home/cmtabr/Github/M6T2-Atividades-Caio/semana-3/lecture_ws/src/install/lecture/share/lecture/hook/pythonpath.dsv'
[2.097s] INFO:colcon.colcon_core.shell:Creating environment hook '/home/cmtabr/Github/M6T2-Atividades-Caio/semana-3/lecture_ws/src/install/lecture/share/lecture/hook/pythonpath.sh'
[2.098s] Level 1:colcon.colcon_core.environment:checking '/home/cmtabr/Github/M6T2-Atividades-Caio/semana-3/lecture_ws/src/install/lecture/bin'
[2.098s] Level 1:colcon.colcon_core.environment:create_environment_scripts_only(lecture)
[2.100s] INFO:colcon.colcon_core.shell:Creating package script '/home/cmtabr/Github/M6T2-Atividades-Caio/semana-3/lecture_ws/src/install/lecture/share/lecture/package.ps1'
[2.102s] INFO:colcon.colcon_core.shell:Creating package descriptor '/home/cmtabr/Github/M6T2-Atividades-Caio/semana-3/lecture_ws/src/install/lecture/share/lecture/package.dsv'
[2.104s] INFO:colcon.colcon_core.shell:Creating package script '/home/cmtabr/Github/M6T2-Atividades-Caio/semana-3/lecture_ws/src/install/lecture/share/lecture/package.sh'
[2.106s] INFO:colcon.colcon_core.shell:Creating package script '/home/cmtabr/Github/M6T2-Atividades-Caio/semana-3/lecture_ws/src/install/lecture/share/lecture/package.bash'
[2.108s] INFO:colcon.colcon_core.shell:Creating package script '/home/cmtabr/Github/M6T2-Atividades-Caio/semana-3/lecture_ws/src/install/lecture/share/lecture/package.zsh'
[2.110s] Level 1:colcon.colcon_core.environment:create_file_with_runtime_dependencies(/home/cmtabr/Github/M6T2-Atividades-Caio/semana-3/lecture_ws/src/install/lecture/share/colcon-core/packages/lecture)
[2.111s] DEBUG:colcon.colcon_parallel_executor.executor.parallel:closing loop
[2.112s] DEBUG:colcon.colcon_parallel_executor.executor.parallel:loop closed
[2.112s] DEBUG:colcon.colcon_parallel_executor.executor.parallel:run_until_complete finished with '0'
[2.112s] DEBUG:colcon.colcon_core.event_reactor:joining thread
[2.211s] INFO:colcon.colcon_core.plugin_system:Skipping extension 'colcon_notification.desktop_notification.notify_send': Could not find 'notify-send'
[2.211s] INFO:colcon.colcon_core.plugin_system:Skipping extension 'colcon_notification.desktop_notification.terminal_notifier': Not used on non-Darwin systems
[2.212s] INFO:colcon.colcon_core.plugin_system:Skipping extension 'colcon_notification.desktop_notification.win32': Not used on non-Windows systems
[2.212s] INFO:colcon.colcon_notification.desktop_notification:Sending desktop notification using 'notify2'
[2.212s] DEBUG:colcon.colcon_notification.desktop_notification.notify2:Failed to initialize notify2: org.freedesktop.DBus.Error.FileNotFound: Failed to connect to socket /run/user/1000/bus: No such file or directory
[2.212s] DEBUG:colcon.colcon_core.event_reactor:joined thread
[2.215s] INFO:colcon.colcon_core.shell:Creating prefix script '/home/cmtabr/Github/M6T2-Atividades-Caio/semana-3/lecture_ws/src/install/local_setup.ps1'
[2.217s] INFO:colcon.colcon_core.shell:Creating prefix util module '/home/cmtabr/Github/M6T2-Atividades-Caio/semana-3/lecture_ws/src/install/_local_setup_util_ps1.py'
[2.220s] INFO:colcon.colcon_core.shell:Creating prefix chain script '/home/cmtabr/Github/M6T2-Atividades-Caio/semana-3/lecture_ws/src/install/setup.ps1'
[2.223s] INFO:colcon.colcon_core.shell:Creating prefix script '/home/cmtabr/Github/M6T2-Atividades-Caio/semana-3/lecture_ws/src/install/local_setup.sh'
[2.224s] INFO:colcon.colcon_core.shell:Creating prefix util module '/home/cmtabr/Github/M6T2-Atividades-Caio/semana-3/lecture_ws/src/install/_local_setup_util_sh.py'
[2.225s] INFO:colcon.colcon_core.shell:Creating prefix chain script '/home/cmtabr/Github/M6T2-Atividades-Caio/semana-3/lecture_ws/src/install/setup.sh'
[2.227s] INFO:colcon.colcon_core.shell:Creating prefix script '/home/cmtabr/Github/M6T2-Atividades-Caio/semana-3/lecture_ws/src/install/local_setup.bash'
[2.228s] INFO:colcon.colcon_core.shell:Creating prefix chain script '/home/cmtabr/Github/M6T2-Atividades-Caio/semana-3/lecture_ws/src/install/setup.bash'
[2.230s] INFO:colcon.colcon_core.shell:Creating prefix script '/home/cmtabr/Github/M6T2-Atividades-Caio/semana-3/lecture_ws/src/install/local_setup.zsh'
[2.230s] INFO:colcon.colcon_core.shell:Creating prefix chain script '/home/cmtabr/Github/M6T2-Atividades-Caio/semana-3/lecture_ws/src/install/setup.zsh'
