[0.940s] DEBUG:colcon:Command line arguments: ['/usr/bin/colcon', 'list', '-p', '--base-paths', '/home/cmtabr/Github/M6T2-Atividades-Caio/semana-3/lecture_ws']
[0.941s] DEBUG:colcon:Parsed command line arguments: Namespace(log_base=None, log_level=None, verb_name='list', build_base='build', ignore_user_meta=False, metas=['./colcon.meta'], base_paths=['/home/cmtabr/Github/M6T2-Atividades-Caio/semana-3/lecture_ws'], packages_ignore=None, packages_ignore_regex=None, paths=None, packages_up_to=None, packages_up_to_regex=None, packages_above=None, packages_above_and_dependencies=None, packages_above_depth=None, packages_select_by_dep=None, packages_skip_by_dep=None, packages_skip_up_to=None, packages_select_build_failed=False, packages_skip_build_finished=False, packages_select_test_failures=False, packages_skip_test_passed=False, packages_select=None, packages_skip=None, packages_select_regex=None, packages_skip_regex=None, packages_start=None, packages_end=None, allow_overriding=[], topological_order=False, names_only=False, paths_only=True, topological_graph=False, topological_graph_dot=False, topological_graph_density=False, topological_graph_legend=False, topological_graph_dot_cluster=False, topological_graph_dot_include_skipped=False, verb_parser=<colcon_defaults.argument_parser.defaults.DefaultArgumentsDecorator object at 0x7f5d0ae25c90>, verb_extension=<colcon_package_information.verb.list.ListVerb object at 0x7f5d0adc8310>, main=<bound method ListVerb.main of <colcon_package_information.verb.list.ListVerb object at 0x7f5d0adc8310>>)
[1.041s] Level 1:colcon.colcon_core.package_discovery:discover_packages(colcon_meta) check parameters
[1.042s] Level 1:colcon.colcon_core.package_discovery:discover_packages(recursive) check parameters
[1.042s] Level 1:colcon.colcon_core.package_discovery:discover_packages(ignore) check parameters
[1.042s] Level 1:colcon.colcon_core.package_discovery:discover_packages(path) check parameters
[1.042s] Level 1:colcon.colcon_core.package_discovery:discover_packages(recursive) discover
[1.042s] INFO:colcon.colcon_core.package_discovery:Crawling recursively for packages in '/home/cmtabr/Github/M6T2-Atividades-Caio/semana-3/lecture_ws'
[1.043s] Level 1:colcon.colcon_core.package_identification:_identify(/home/cmtabr/Github/M6T2-Atividades-Caio/semana-3/lecture_ws) by extensions ['ignore', 'ignore_ament_install']
[1.043s] Level 1:colcon.colcon_core.package_identification:_identify(/home/cmtabr/Github/M6T2-Atividades-Caio/semana-3/lecture_ws) by extension 'ignore'
[1.043s] Level 1:colcon.colcon_core.package_identification:_identify(/home/cmtabr/Github/M6T2-Atividades-Caio/semana-3/lecture_ws) by extension 'ignore_ament_install'
[1.043s] Level 1:colcon.colcon_core.package_identification:_identify(/home/cmtabr/Github/M6T2-Atividades-Caio/semana-3/lecture_ws) by extensions ['colcon_pkg']
[1.044s] Level 1:colcon.colcon_core.package_identification:_identify(/home/cmtabr/Github/M6T2-Atividades-Caio/semana-3/lecture_ws) by extension 'colcon_pkg'
[1.044s] Level 1:colcon.colcon_core.package_identification:_identify(/home/cmtabr/Github/M6T2-Atividades-Caio/semana-3/lecture_ws) by extensions ['colcon_meta']
[1.044s] Level 1:colcon.colcon_core.package_identification:_identify(/home/cmtabr/Github/M6T2-Atividades-Caio/semana-3/lecture_ws) by extension 'colcon_meta'
[1.045s] Level 1:colcon.colcon_core.package_identification:_identify(/home/cmtabr/Github/M6T2-Atividades-Caio/semana-3/lecture_ws) by extensions ['ros']
[1.045s] Level 1:colcon.colcon_core.package_identification:_identify(/home/cmtabr/Github/M6T2-Atividades-Caio/semana-3/lecture_ws) by extension 'ros'
[1.077s] Level 1:colcon.colcon_core.package_identification:_identify(/home/cmtabr/Github/M6T2-Atividades-Caio/semana-3/lecture_ws) by extensions ['cmake', 'python']
[1.077s] Level 1:colcon.colcon_core.package_identification:_identify(/home/cmtabr/Github/M6T2-Atividades-Caio/semana-3/lecture_ws) by extension 'cmake'
[1.077s] Level 1:colcon.colcon_core.package_identification:_identify(/home/cmtabr/Github/M6T2-Atividades-Caio/semana-3/lecture_ws) by extension 'python'
[1.077s] Level 1:colcon.colcon_core.package_identification:_identify(/home/cmtabr/Github/M6T2-Atividades-Caio/semana-3/lecture_ws) by extensions ['python_setup_py']
[1.077s] Level 1:colcon.colcon_core.package_identification:_identify(/home/cmtabr/Github/M6T2-Atividades-Caio/semana-3/lecture_ws) by extension 'python_setup_py'
[1.077s] Level 1:colcon.colcon_core.package_identification:_identify(/home/cmtabr/Github/M6T2-Atividades-Caio/semana-3/lecture_ws/build) by extensions ['ignore', 'ignore_ament_install']
[1.078s] Level 1:colcon.colcon_core.package_identification:_identify(/home/cmtabr/Github/M6T2-Atividades-Caio/semana-3/lecture_ws/build) by extension 'ignore'
[1.078s] Level 1:colcon.colcon_core.package_identification:_identify(/home/cmtabr/Github/M6T2-Atividades-Caio/semana-3/lecture_ws/build) ignored
[1.078s] Level 1:colcon.colcon_core.package_identification:_identify(/home/cmtabr/Github/M6T2-Atividades-Caio/semana-3/lecture_ws/install) by extensions ['ignore', 'ignore_ament_install']
[1.079s] Level 1:colcon.colcon_core.package_identification:_identify(/home/cmtabr/Github/M6T2-Atividades-Caio/semana-3/lecture_ws/install) by extension 'ignore'
[1.080s] Level 1:colcon.colcon_core.package_identification:_identify(/home/cmtabr/Github/M6T2-Atividades-Caio/semana-3/lecture_ws/install) ignored
[1.080s] Level 1:colcon.colcon_core.package_identification:_identify(/home/cmtabr/Github/M6T2-Atividades-Caio/semana-3/lecture_ws/log) by extensions ['ignore', 'ignore_ament_install']
[1.081s] Level 1:colcon.colcon_core.package_identification:_identify(/home/cmtabr/Github/M6T2-Atividades-Caio/semana-3/lecture_ws/log) by extension 'ignore'
[1.081s] Level 1:colcon.colcon_core.package_identification:_identify(/home/cmtabr/Github/M6T2-Atividades-Caio/semana-3/lecture_ws/log) ignored
[1.081s] Level 1:colcon.colcon_core.package_identification:_identify(/home/cmtabr/Github/M6T2-Atividades-Caio/semana-3/lecture_ws/src) by extensions ['ignore', 'ignore_ament_install']
[1.081s] Level 1:colcon.colcon_core.package_identification:_identify(/home/cmtabr/Github/M6T2-Atividades-Caio/semana-3/lecture_ws/src) by extension 'ignore'
[1.082s] Level 1:colcon.colcon_core.package_identification:_identify(/home/cmtabr/Github/M6T2-Atividades-Caio/semana-3/lecture_ws/src) by extension 'ignore_ament_install'
[1.082s] Level 1:colcon.colcon_core.package_identification:_identify(/home/cmtabr/Github/M6T2-Atividades-Caio/semana-3/lecture_ws/src) by extensions ['colcon_pkg']
[1.082s] Level 1:colcon.colcon_core.package_identification:_identify(/home/cmtabr/Github/M6T2-Atividades-Caio/semana-3/lecture_ws/src) by extension 'colcon_pkg'
[1.082s] Level 1:colcon.colcon_core.package_identification:_identify(/home/cmtabr/Github/M6T2-Atividades-Caio/semana-3/lecture_ws/src) by extensions ['colcon_meta']
[1.082s] Level 1:colcon.colcon_core.package_identification:_identify(/home/cmtabr/Github/M6T2-Atividades-Caio/semana-3/lecture_ws/src) by extension 'colcon_meta'
[1.082s] Level 1:colcon.colcon_core.package_identification:_identify(/home/cmtabr/Github/M6T2-Atividades-Caio/semana-3/lecture_ws/src) by extensions ['ros']
[1.082s] Level 1:colcon.colcon_core.package_identification:_identify(/home/cmtabr/Github/M6T2-Atividades-Caio/semana-3/lecture_ws/src) by extension 'ros'
[1.082s] Level 1:colcon.colcon_core.package_identification:_identify(/home/cmtabr/Github/M6T2-Atividades-Caio/semana-3/lecture_ws/src) by extensions ['cmake', 'python']
[1.083s] Level 1:colcon.colcon_core.package_identification:_identify(/home/cmtabr/Github/M6T2-Atividades-Caio/semana-3/lecture_ws/src) by extension 'cmake'
[1.083s] Level 1:colcon.colcon_core.package_identification:_identify(/home/cmtabr/Github/M6T2-Atividades-Caio/semana-3/lecture_ws/src) by extension 'python'
[1.083s] Level 1:colcon.colcon_core.package_identification:_identify(/home/cmtabr/Github/M6T2-Atividades-Caio/semana-3/lecture_ws/src) by extensions ['python_setup_py']
[1.083s] Level 1:colcon.colcon_core.package_identification:_identify(/home/cmtabr/Github/M6T2-Atividades-Caio/semana-3/lecture_ws/src) by extension 'python_setup_py'
[1.085s] Level 1:colcon.colcon_core.package_identification:_identify(/home/cmtabr/Github/M6T2-Atividades-Caio/semana-3/lecture_ws/src/lecture) by extensions ['ignore', 'ignore_ament_install']
[1.085s] Level 1:colcon.colcon_core.package_identification:_identify(/home/cmtabr/Github/M6T2-Atividades-Caio/semana-3/lecture_ws/src/lecture) by extension 'ignore'
[1.085s] Level 1:colcon.colcon_core.package_identification:_identify(/home/cmtabr/Github/M6T2-Atividades-Caio/semana-3/lecture_ws/src/lecture) by extension 'ignore_ament_install'
[1.085s] Level 1:colcon.colcon_core.package_identification:_identify(/home/cmtabr/Github/M6T2-Atividades-Caio/semana-3/lecture_ws/src/lecture) by extensions ['colcon_pkg']
[1.085s] Level 1:colcon.colcon_core.package_identification:_identify(/home/cmtabr/Github/M6T2-Atividades-Caio/semana-3/lecture_ws/src/lecture) by extension 'colcon_pkg'
[1.085s] Level 1:colcon.colcon_core.package_identification:_identify(/home/cmtabr/Github/M6T2-Atividades-Caio/semana-3/lecture_ws/src/lecture) by extensions ['colcon_meta']
[1.085s] Level 1:colcon.colcon_core.package_identification:_identify(/home/cmtabr/Github/M6T2-Atividades-Caio/semana-3/lecture_ws/src/lecture) by extension 'colcon_meta'
[1.086s] Level 1:colcon.colcon_core.package_identification:_identify(/home/cmtabr/Github/M6T2-Atividades-Caio/semana-3/lecture_ws/src/lecture) by extensions ['ros']
[1.086s] Level 1:colcon.colcon_core.package_identification:_identify(/home/cmtabr/Github/M6T2-Atividades-Caio/semana-3/lecture_ws/src/lecture) by extension 'ros'
[1.096s] DEBUG:colcon.colcon_core.package_identification:Package '/home/cmtabr/Github/M6T2-Atividades-Caio/semana-3/lecture_ws/src/lecture' with type 'ros.ament_python' and name 'lecture'
[1.096s] Level 1:colcon.colcon_core.package_discovery:discover_packages(recursive) using defaults
